<?xml version="1.0" encoding="UTF-8"?>
<testsuite xmlns:xsi="http://www.w3.org/2001/XMLSchema-instance" xsi:noNamespaceSchemaLocation="https://maven.apache.org/surefire/maven-surefire-plugin/xsd/surefire-test-report.xsd" name="TestSuite" time="15.67" tests="2" errors="0" skipped="0" failures="0">
  <properties>
[...]
</properties>
  <testcase name="testMaven01" classname="yunuso.Maven02.TestMavenProject1" time="1.506"/>
  <testcase name="testMaven01" classname="yunuso.Maven02.TestMavenProject2" time="0.895"/>
</testsuite>