<?xml version="1.0" encoding="UTF-8"?>
<testng-results ignored="0" total="2" passed="2" failed="0" skipped="0">
  <reporter-output>
  </reporter-output>
  <suite started-at="2021-01-22T08:45:11 CST" name="Suite" finished-at="2021-01-22T08:45:29 CST" duration-ms="17884">
    <groups>
    </groups>
    <test started-at="2021-01-22T08:45:11 CST" name="Test" finished-at="2021-01-22T08:45:22 CST" duration-ms="10313">
      <class name="yunuso.Maven02.TestMavenProject1">
        <test-method is-config="true" signature="beforeTest()[pri:0, instance:yunuso.Maven02.TestMavenProject1@82de64a]" started-at="2021-01-22T08:45:11 CST" name="beforeTest" finished-at="2021-01-22T08:45:19 CST" duration-ms="7697" status="PASS">
          <reporter-output>
          </reporter-output>
        </test-method> <!-- beforeTest -->
        <test-method signature="testMaven01(java.lang.String, java.lang.String)[pri:0, instance:yunuso.Maven02.TestMavenProject1@82de64a]" started-at="2021-01-22T08:45:19 CST" name="testMaven01" data-provider="getData" finished-at="2021-01-22T08:45:21 CST" duration-ms="2238" status="PASS">
          <params>
            <param index="0">
              <value>
                <![CDATA[Elifim Burcum]]>
              </value>
            </param>
            <param index="1">
              <value>
                <![CDATA[11102014]]>
              </value>
            </param>
          </params>
          <reporter-output>
          </reporter-output>
        </test-method> <!-- testMaven01 -->
        <test-method is-config="true" signature="afterTest()[pri:0, instance:yunuso.Maven02.TestMavenProject1@82de64a]" started-at="2021-01-22T08:45:21 CST" name="afterTest" finished-at="2021-01-22T08:45:22 CST" duration-ms="329" status="PASS">
          <reporter-output>
          </reporter-output>
        </test-method> <!-- afterTest -->
      </class> <!-- yunuso.Maven02.TestMavenProject1 -->
    </test> <!-- Test -->
    <test started-at="2021-01-22T08:45:22 CST" name="Test1" finished-at="2021-01-22T08:45:29 CST" duration-ms="7521">
      <class name="yunuso.Maven02.TestMavenProject2">
        <test-method is-config="true" signature="beforeTest()[pri:0, instance:yunuso.Maven02.TestMavenProject2@5d534f5d]" started-at="2021-01-22T08:45:22 CST" name="beforeTest" finished-at="2021-01-22T08:45:28 CST" duration-ms="6211" status="PASS">
          <reporter-output>
          </reporter-output>
        </test-method> <!-- beforeTest -->
        <test-method signature="testMaven01()[pri:0, instance:yunuso.Maven02.TestMavenProject2@5d534f5d]" started-at="2021-01-22T08:45:28 CST" name="testMaven01" finished-at="2021-01-22T08:45:29 CST" duration-ms="1245" status="PASS">
          <reporter-output>
          </reporter-output>
        </test-method> <!-- testMaven01 -->
        <test-method is-config="true" signature="afterTest()[pri:0, instance:yunuso.Maven02.TestMavenProject2@5d534f5d]" started-at="2021-01-22T08:45:29 CST" name="afterTest" finished-at="2021-01-22T08:45:29 CST" duration-ms="59" status="PASS">
          <reporter-output>
          </reporter-output>
        </test-method> <!-- afterTest -->
      </class> <!-- yunuso.Maven02.TestMavenProject2 -->
    </test> <!-- Test1 -->
  </suite> <!-- Suite -->
</testng-results>
